<?xml version="1.0" encoding="UTF-8"?>
<!-- Generated by org.testng.reporters.JUnitReportReporter -->
<testsuite hostname="amit-PC" name="TestNG.TestPOM1" tests="1" failures="0" timestamp="12 Oct 2015 04:49:35 GMT" time="57.235" errors="0">
  <testcase name="POM" time="57.235" classname="TestNG.TestPOM1"/>
</testsuite> <!-- TestNG.TestPOM1 -->
