<?xml version="1.0" encoding="UTF-8"?>
<!-- Generated by org.testng.reporters.JUnitReportReporter -->
<testsuite hostname="amit-PC" name="TestNG.TestNGClass" tests="1" failures="0" timestamp="15 Apr 2015 12:06:42 GMT" time="27.740" errors="0">
  <testcase name="calculatepercent" time="27.740" classname="TestNG.TestNGClass"/>
</testsuite> <!-- TestNG.TestNGClass -->
